<?xml version="1.0" encoding="UTF-8"?>
<!-- Generated by org.testng.reporters.JUnitReportReporter -->
<testsuite skipped="0" hostname="CDC2-D-C8W32S2" name="yahoo.NewTest7" tests="1" failures="0" timestamp="06 Dec 2019 11:23:02 GMT" time="30.245" errors="0">
  <testcase name="f" time="30.245" classname="yahoo.NewTest7"/>
</testsuite> <!-- yahoo.NewTest7 -->
