<?xml version="1.0" encoding="UTF-8"?>
<!-- Generated by org.testng.reporters.JUnitReportReporter -->
<testsuite skipped="0" hostname="CDC2-D-C8W32S2" name="open.NewTest5" tests="1" failures="0" timestamp="06 Dec 2019 05:02:04 GMT" time="10.723" errors="0">
  <testcase name="f" time="10.723" classname="open.NewTest5"/>
</testsuite> <!-- open.NewTest5 -->
