<?xml version="1.0" encoding="UTF-8"?>
<!-- Generated by org.testng.reporters.JUnitReportReporter -->
<testsuite skipped="0" hostname="CDC2-D-C8W32S2" name="aplha.NewTest1" tests="2" failures="0" timestamp="05 Dec 2019 08:56:01 GMT" time="0.015" errors="0">
  <testcase name="a" time="0.014" classname="aplha.NewTest1"/>
  <testcase name="f" time="0.001" classname="aplha.NewTest1"/>
</testsuite> <!-- aplha.NewTest1 -->
