<?xml version="1.0" encoding="UTF-8"?>
<!-- Generated by org.testng.reporters.JUnitReportReporter -->
<testsuite skipped="0" hostname="CDC2-D-C8W32S2" name="aplha.NewTest" tests="1" failures="0" timestamp="06 Dec 2019 07:40:23 GMT" time="3.397" errors="0">
  <testcase name="f" time="3.397" classname="aplha.NewTest"/>
</testsuite> <!-- aplha.NewTest -->
