<?xml version="1.0" encoding="UTF-8"?>
<!-- Generated by org.testng.reporters.JUnitReportReporter -->
<testsuite skipped="0" hostname="CDC2-D-C8W32S2" name="main.NewTest" tests="1" failures="0" timestamp="05 Dec 2019 07:21:25 GMT" time="0.007" errors="0">
  <testcase name="f" time="0.007" classname="main.NewTest"/>
</testsuite> <!-- main.NewTest -->
