<?xml version="1.0" encoding="UTF-8"?>
<!-- Generated by org.testng.reporters.JUnitReportReporter -->
<testsuite skipped="0" hostname="CDC2-D-C8W32S2" name="drop.NewTest8" tests="1" failures="0" timestamp="09 Dec 2019 06:32:15 GMT" time="5.591" errors="0">
  <testcase name="f" time="5.591" classname="drop.NewTest8"/>
</testsuite> <!-- drop.NewTest8 -->
