<?xml version="1.0" encoding="UTF-8"?>
<!-- Generated by org.testng.reporters.JUnitReportReporter -->
<testsuite skipped="0" hostname="CDC2-D-C8W32S2" name="write.Read" tests="1" failures="0" timestamp="10 Dec 2019 05:05:41 GMT" time="0.660" errors="0">
  <testcase name="f" time="0.660" classname="write.Read"/>
</testsuite> <!-- write.Read -->
