<?xml version="1.0" encoding="UTF-8"?>
<!-- Generated by org.testng.reporters.JUnitReportReporter -->
<testsuite skipped="0" hostname="CDC2-D-C8W32S2" name="TestMeApp.NewTest" tests="1" failures="0" timestamp="09 Dec 2019 10:43:03 GMT" time="11.683" errors="0">
  <testcase name="f" time="11.683" classname="TestMeApp.NewTest"/>
</testsuite> <!-- TestMeApp.NewTest -->
