<?xml version="1.0" encoding="UTF-8"?>
<!-- Generated by org.testng.reporters.JUnitReportReporter -->
<testsuite skipped="0" hostname="CDC2-D-C8W32S2" name="assertion.NewTest4" tests="1" failures="0" timestamp="05 Dec 2019 10:20:08 GMT" time="0.015" errors="0">
  <testcase name="asserttest" time="0.015" classname="assertion.NewTest4"/>
</testsuite> <!-- assertion.NewTest4 -->
