<?xml version="1.0" encoding="UTF-8"?>
<!-- Generated by org.testng.reporters.JUnitReportReporter -->
<testsuite skipped="0" hostname="CDC2-D-C8W32S2" name="Avail_userid.NewTest" tests="1" failures="0" timestamp="11 Dec 2019 09:06:33 GMT" time="29.512" errors="0">
  <testcase name="testRegistration" time="29.512" classname="Avail_userid.NewTest"/>
</testsuite> <!-- Avail_userid.NewTest -->
