<?xml version="1.0" encoding="UTF-8"?>
<!-- Generated by org.testng.reporters.JUnitReportReporter -->
<testsuite skipped="0" hostname="CDC2-D-C8W32S2" name="Read.Write" tests="1" failures="0" timestamp="10 Dec 2019 05:13:21 GMT" time="0.755" errors="0">
  <testcase name="f" time="0.755" classname="Read.Write"/>
</testsuite> <!-- Read.Write -->
